2018-05-12 15:04:47,019 INFO o.a.j.u.JMeterUtils: Setting Locale to en_EN
2018-05-12 15:04:47,037 INFO o.a.j.JMeter: Loading user properties from: E:\devchallenge.it-qa-1\apache-jmeter-4.0\bin\user.properties
2018-05-12 15:04:47,038 INFO o.a.j.JMeter: Loading system properties from: E:\devchallenge.it-qa-1\apache-jmeter-4.0\bin\system.properties
2018-05-12 15:04:47,044 INFO o.a.j.JMeter: Copyright (c) 1998-2018 The Apache Software Foundation
2018-05-12 15:04:47,044 INFO o.a.j.JMeter: Version 4.0 r1823414
2018-05-12 15:04:47,044 INFO o.a.j.JMeter: java.version=1.8.0_161
2018-05-12 15:04:47,044 INFO o.a.j.JMeter: java.vm.name=Java HotSpot(TM) 64-Bit Server VM
2018-05-12 15:04:47,044 INFO o.a.j.JMeter: os.name=Windows 10
2018-05-12 15:04:47,044 INFO o.a.j.JMeter: os.arch=amd64
2018-05-12 15:04:47,044 INFO o.a.j.JMeter: os.version=10.0
2018-05-12 15:04:47,044 INFO o.a.j.JMeter: file.encoding=Cp1251
2018-05-12 15:04:47,045 INFO o.a.j.JMeter: Max memory     =1073741824
2018-05-12 15:04:47,045 INFO o.a.j.JMeter: Available Processors =4
2018-05-12 15:04:47,048 INFO o.a.j.JMeter: Default Locale=English (EN)
2018-05-12 15:04:47,049 INFO o.a.j.JMeter: JMeter  Locale=English (EN)
2018-05-12 15:04:47,049 INFO o.a.j.JMeter: JMeterHome=E:\devchallenge.it-qa-1\apache-jmeter-4.0
2018-05-12 15:04:47,049 INFO o.a.j.JMeter: user.dir  =E:\devchallenge.it-qa-1\apache-jmeter-4.0
2018-05-12 15:04:47,049 INFO o.a.j.JMeter: PWD       =E:\devchallenge.it-qa-1\apache-jmeter-4.0
2018-05-12 15:04:51,556 INFO o.a.j.JMeter: IP: 10.0.75.1 Name: DESKTOP-RA7RMRG FullName: DESKTOP-RA7RMRG
2018-05-12 15:04:51,559 INFO o.a.j.JMeter: Setting property 'jmeter.reportgenerator.outputdir' to:'E:\devchallenge.it-qa-1\apache-jmeter-4.0\..\results\Html'
2018-05-12 15:04:51,563 INFO o.a.j.s.FileServer: Default base='E:\devchallenge.it-qa-1\apache-jmeter-4.0'
2018-05-12 15:04:51,573 INFO o.a.j.s.FileServer: Set new base='E:\devchallenge.it-qa-1\apache-jmeter-4.0\..\testplan'
2018-05-12 15:04:51,730 INFO o.a.j.s.SaveService: Testplan (JMX) version: 2.2. Testlog (JTL) version: 2.2
2018-05-12 15:04:51,747 INFO o.a.j.s.SaveService: Using SaveService properties file encoding UTF-8
2018-05-12 15:04:51,752 INFO o.a.j.s.SaveService: Using SaveService properties version 4.0
2018-05-12 15:04:51,758 INFO o.a.j.s.SaveService: Loading file: ..\testplan\PetStore.jmx
2018-05-12 15:04:51,806 INFO o.a.j.p.h.s.HTTPSamplerBase: Parser for text/html is org.apache.jmeter.protocol.http.parser.LagartoBasedHtmlParser
2018-05-12 15:04:51,806 INFO o.a.j.p.h.s.HTTPSamplerBase: Parser for application/xhtml+xml is org.apache.jmeter.protocol.http.parser.LagartoBasedHtmlParser
2018-05-12 15:04:51,806 INFO o.a.j.p.h.s.HTTPSamplerBase: Parser for application/xml is org.apache.jmeter.protocol.http.parser.LagartoBasedHtmlParser
2018-05-12 15:04:51,807 INFO o.a.j.p.h.s.HTTPSamplerBase: Parser for text/xml is org.apache.jmeter.protocol.http.parser.LagartoBasedHtmlParser
2018-05-12 15:04:51,807 INFO o.a.j.p.h.s.HTTPSamplerBase: Parser for text/vnd.wap.wml is org.apache.jmeter.protocol.http.parser.RegexpHTMLParser
2018-05-12 15:04:51,807 INFO o.a.j.p.h.s.HTTPSamplerBase: Parser for text/css is org.apache.jmeter.protocol.http.parser.CssParser
2018-05-12 15:04:51,882 INFO o.a.j.JMeter: Creating summariser <summary>
2018-05-12 15:04:51,888 INFO o.a.j.r.d.ReportGenerator: ReportGenerator will use for Parsing the separator: ','
2018-05-12 15:04:51,888 INFO o.a.j.r.d.ReportGenerator: Will generate report at end of test from  results file: ..\results\testResult.csv
2018-05-12 15:04:51,888 INFO o.a.j.r.d.ReportGenerator: Reading report generator properties from: E:\devchallenge.it-qa-1\apache-jmeter-4.0\bin\reportgenerator.properties
2018-05-12 15:04:51,889 INFO o.a.j.r.d.ReportGenerator: Merging with JMeter properties
2018-05-12 15:04:51,894 INFO o.a.j.r.c.ReportGeneratorConfiguration: Property 'jmeter.reportgenerator.temp_dir' not found, using default value 'temp' instead.
2018-05-12 15:04:51,897 INFO o.a.j.r.c.ReportGeneratorConfiguration: Property 'jmeter.reportgenerator.apdex_per_transaction' not found, using default value 'null' instead.
2018-05-12 15:04:51,898 INFO o.a.j.r.c.ReportGeneratorConfiguration: apdex_per_transaction : {} is empty, not APDEX per transaction customization
2018-05-12 15:04:51,898 INFO o.a.j.r.c.ReportGeneratorConfiguration: Property 'jmeter.reportgenerator.sample_filter' not found, using default value 'null' instead.
2018-05-12 15:04:51,898 INFO o.a.j.r.c.ReportGeneratorConfiguration: Property 'jmeter.reportgenerator.report_title' not found, using default value 'null' instead.
2018-05-12 15:04:51,898 INFO o.a.j.r.c.ReportGeneratorConfiguration: Property 'jmeter.reportgenerator.start_date' not found, using default value 'null' instead.
2018-05-12 15:04:51,898 INFO o.a.j.r.c.ReportGeneratorConfiguration: Property 'jmeter.reportgenerator.end_date' not found, using default value 'null' instead.
2018-05-12 15:04:51,898 INFO o.a.j.r.c.ReportGeneratorConfiguration: Property 'jmeter.reportgenerator.date_format' not found, using default value 'null' instead.
2018-05-12 15:04:51,899 INFO o.a.j.r.c.ReportGeneratorConfiguration: Will use date range start date: null, end date: null
2018-05-12 15:04:51,904 INFO o.a.j.r.c.ReportGeneratorConfiguration: Property 'jmeter.reportgenerator.graph.activeThreadsOverTime.exclude_controllers' not found, using default value 'false' instead.
2018-05-12 15:04:51,905 INFO o.a.j.r.c.ReportGeneratorConfiguration: Property 'jmeter.reportgenerator.graph.timeVsThreads.exclude_controllers' not found, using default value 'false' instead.
2018-05-12 15:04:51,905 INFO o.a.j.r.c.ReportGeneratorConfiguration: Property 'jmeter.reportgenerator.graph.responseTimeDistribution.exclude_controllers' not found, using default value 'false' instead.
2018-05-12 15:04:51,905 INFO o.a.j.r.c.ReportGeneratorConfiguration: Property 'jmeter.reportgenerator.graph.transactionsPerSecond.exclude_controllers' not found, using default value 'false' instead.
2018-05-12 15:04:51,905 INFO o.a.j.r.c.ReportGeneratorConfiguration: Property 'jmeter.reportgenerator.graph.responseTimePercentiles.exclude_controllers' not found, using default value 'false' instead.
2018-05-12 15:04:51,905 INFO o.a.j.r.c.ReportGeneratorConfiguration: Property 'jmeter.reportgenerator.graph.responseTimePercentilesOverTime.exclude_controllers' not found, using default value 'false' instead.
2018-05-12 15:04:51,906 INFO o.a.j.r.c.ReportGeneratorConfiguration: Property 'jmeter.reportgenerator.graph.responseTimesOverTime.exclude_controllers' not found, using default value 'false' instead.
2018-05-12 15:04:51,906 INFO o.a.j.r.c.ReportGeneratorConfiguration: Property 'jmeter.reportgenerator.graph.connectTimeOverTime.exclude_controllers' not found, using default value 'false' instead.
2018-05-12 15:04:51,908 INFO o.a.j.r.c.ReportGeneratorConfiguration: Property 'jmeter.reportgenerator.graph.latenciesOverTime.exclude_controllers' not found, using default value 'false' instead.
2018-05-12 15:04:51,910 INFO o.a.j.r.c.ReportGeneratorConfiguration: Property 'jmeter.reportgenerator.exporter.html.filters_only_sample_series' not found, using default value 'true' instead.
2018-05-12 15:04:51,910 INFO o.a.j.r.c.ReportGeneratorConfiguration: Property 'jmeter.reportgenerator.exporter.html.series_filter' not found, using default value '' instead.
2018-05-12 15:04:51,910 INFO o.a.j.r.c.ReportGeneratorConfiguration: Property 'jmeter.reportgenerator.exporter.html.show_controllers_only' not found, using default value 'false' instead.
2018-05-12 15:04:51,917 INFO o.a.j.e.StandardJMeterEngine: Running the test!
2018-05-12 15:04:51,918 INFO o.a.j.s.SampleEvent: List of sample_variables: []
2018-05-12 15:04:51,918 INFO o.a.j.s.SampleEvent: List of sample_variables: []
2018-05-12 15:04:51,923 INFO o.a.j.e.u.CompoundVariable: Note: Function class names must contain the string: '.functions.'
2018-05-12 15:04:51,923 INFO o.a.j.e.u.CompoundVariable: Note: Function class names must not contain the string: '.gui.'
2018-05-12 15:04:52,292 INFO o.a.j.JMeter: Running test (1526126692292)
2018-05-12 15:04:52,327 INFO o.a.j.e.StandardJMeterEngine: Starting ThreadGroup: 1 : [Pet] Add a new Pet and check if your Pet was added
2018-05-12 15:04:52,327 INFO o.a.j.e.StandardJMeterEngine: Starting 1 threads for group [Pet] Add a new Pet and check if your Pet was added.
2018-05-12 15:04:52,327 INFO o.a.j.e.StandardJMeterEngine: Thread will continue on error
2018-05-12 15:04:52,327 INFO o.a.j.t.ThreadGroup: Starting thread group... number=1 threads=1 ramp-up=1 perThread=1000.0 delayedStart=false
2018-05-12 15:04:52,332 INFO o.a.j.t.ThreadGroup: Started thread group number 1
2018-05-12 15:04:52,332 INFO o.a.j.e.StandardJMeterEngine: Starting ThreadGroup: 2 : [Pet] Change the name of your Pet and check if the name was changed
2018-05-12 15:04:52,332 INFO o.a.j.e.StandardJMeterEngine: Starting 1 threads for group [Pet] Change the name of your Pet and check if the name was changed.
2018-05-12 15:04:52,332 INFO o.a.j.e.StandardJMeterEngine: Thread will continue on error
2018-05-12 15:04:52,332 INFO o.a.j.t.ThreadGroup: Starting thread group... number=2 threads=1 ramp-up=1 perThread=1000.0 delayedStart=false
2018-05-12 15:04:52,333 INFO o.a.j.t.ThreadGroup: Started thread group number 2
2018-05-12 15:04:52,333 INFO o.a.j.e.StandardJMeterEngine: Starting ThreadGroup: 3 : [Pet] Delete your Pet from the list and check if the Pet was deleted 
2018-05-12 15:04:52,334 INFO o.a.j.e.StandardJMeterEngine: Starting 1 threads for group [Pet] Delete your Pet from the list and check if the Pet was deleted .
2018-05-12 15:04:52,334 INFO o.a.j.e.StandardJMeterEngine: Thread will continue on error
2018-05-12 15:04:52,334 INFO o.a.j.t.ThreadGroup: Starting thread group... number=3 threads=1 ramp-up=1 perThread=1000.0 delayedStart=false
2018-05-12 15:04:52,335 INFO o.a.j.t.ThreadGroup: Started thread group number 3
2018-05-12 15:04:52,335 INFO o.a.j.e.StandardJMeterEngine: Starting ThreadGroup: 4 : [Pet] Delete pet that does not exist
2018-05-12 15:04:52,335 INFO o.a.j.e.StandardJMeterEngine: Starting 1 threads for group [Pet] Delete pet that does not exist.
2018-05-12 15:04:52,335 INFO o.a.j.e.StandardJMeterEngine: Thread will continue on error
2018-05-12 15:04:52,336 INFO o.a.j.t.ThreadGroup: Starting thread group... number=4 threads=1 ramp-up=1 perThread=1000.0 delayedStart=false
2018-05-12 15:04:52,336 INFO o.a.j.t.ThreadGroup: Started thread group number 4
2018-05-12 15:04:52,336 INFO o.a.j.e.StandardJMeterEngine: Starting ThreadGroup: 5 : [Store] Place an order for a pet
2018-05-12 15:04:52,338 INFO o.a.j.e.StandardJMeterEngine: Starting 1 threads for group [Store] Place an order for a pet.
2018-05-12 15:04:52,338 INFO o.a.j.e.StandardJMeterEngine: Thread will continue on error
2018-05-12 15:04:52,338 INFO o.a.j.t.ThreadGroup: Starting thread group... number=5 threads=1 ramp-up=1 perThread=1000.0 delayedStart=false
2018-05-12 15:04:52,339 INFO o.a.j.t.JMeterThread: Thread started: [Pet] Delete pet that does not exist 4-1
2018-05-12 15:04:52,339 INFO o.a.j.t.ThreadGroup: Started thread group number 5
2018-05-12 15:04:52,339 INFO o.a.j.e.StandardJMeterEngine: Starting ThreadGroup: 6 : [Store] Delete purchase order
2018-05-12 15:04:52,339 INFO o.a.j.e.StandardJMeterEngine: Starting 1 threads for group [Store] Delete purchase order.
2018-05-12 15:04:52,339 INFO o.a.j.e.StandardJMeterEngine: Thread will continue on error
2018-05-12 15:04:52,340 INFO o.a.j.t.ThreadGroup: Starting thread group... number=6 threads=1 ramp-up=1 perThread=1000.0 delayedStart=false
2018-05-12 15:04:52,339 INFO o.a.j.s.SampleResult: Note: Sample TimeStamps are START times
2018-05-12 15:04:52,340 INFO o.a.j.s.SampleResult: sampleresult.default.encoding is set to ISO-8859-1
2018-05-12 15:04:52,340 INFO o.a.j.s.SampleResult: sampleresult.useNanoTime=true
2018-05-12 15:04:52,340 INFO o.a.j.s.SampleResult: sampleresult.nanoThreadSleep=5000
2018-05-12 15:04:52,340 INFO o.a.j.t.ThreadGroup: Started thread group number 6
2018-05-12 15:04:52,341 INFO o.a.j.e.StandardJMeterEngine: All thread groups have been started
2018-05-12 15:04:52,341 INFO o.a.j.t.JMeterThread: Thread started: [Pet] Change the name of your Pet and check if the name was changed 2-1
2018-05-12 15:04:52,342 INFO o.a.j.t.JMeterThread: Thread started: [Store] Delete purchase order 6-1
2018-05-12 15:04:52,342 INFO o.a.j.t.JMeterThread: Thread started: [Store] Place an order for a pet 5-1
2018-05-12 15:04:52,342 INFO o.a.j.t.JMeterThread: Thread started: [Pet] Add a new Pet and check if your Pet was added 1-1
2018-05-12 15:04:52,342 INFO o.a.j.t.JMeterThread: Thread started: [Pet] Delete your Pet from the list and check if the Pet was deleted  3-1
2018-05-12 15:04:52,359 INFO o.a.j.p.h.s.HTTPHCAbstractImpl: Local host = DESKTOP-RA7RMRG
2018-05-12 15:04:52,364 INFO o.a.j.p.h.s.HTTPHC4Impl: HTTP request retry count = 0
2018-05-12 15:04:52,759 INFO o.a.j.t.JMeterThread: Thread is done: [Pet] Delete pet that does not exist 4-1
2018-05-12 15:04:52,760 INFO o.a.j.t.JMeterThread: Thread finished: [Pet] Delete pet that does not exist 4-1
2018-05-12 15:04:53,031 INFO o.a.j.t.JMeterThread: Thread is done: [Store] Place an order for a pet 5-1
2018-05-12 15:04:53,031 INFO o.a.j.t.JMeterThread: Thread finished: [Store] Place an order for a pet 5-1
2018-05-12 15:04:53,036 INFO o.a.j.t.JMeterThread: Thread is done: [Pet] Add a new Pet and check if your Pet was added 1-1
2018-05-12 15:04:53,037 INFO o.a.j.t.JMeterThread: Thread finished: [Pet] Add a new Pet and check if your Pet was added 1-1
2018-05-12 15:04:53,277 INFO o.a.j.t.JMeterThread: Thread is done: [Store] Delete purchase order 6-1
2018-05-12 15:04:53,277 INFO o.a.j.t.JMeterThread: Thread finished: [Store] Delete purchase order 6-1
2018-05-12 15:04:53,288 INFO o.a.j.t.JMeterThread: Thread is done: [Pet] Delete your Pet from the list and check if the Pet was deleted  3-1
2018-05-12 15:04:53,288 INFO o.a.j.t.JMeterThread: Thread finished: [Pet] Delete your Pet from the list and check if the Pet was deleted  3-1
2018-05-12 15:04:53,291 INFO o.a.j.t.JMeterThread: Thread is done: [Pet] Change the name of your Pet and check if the name was changed 2-1
2018-05-12 15:04:53,291 INFO o.a.j.t.JMeterThread: Thread finished: [Pet] Change the name of your Pet and check if the name was changed 2-1
2018-05-12 15:04:53,292 INFO o.a.j.e.StandardJMeterEngine: Notifying test listeners of end of test
2018-05-12 15:04:53,301 INFO o.a.j.r.Summariser: summary =      1 in 00:00:01 =    1.0/s Avg:   356 Min:   356 Max:   356 Err:     0 (0.00%)
2018-05-12 15:04:53,303 INFO o.a.j.JMeter: Generating Dashboard
2018-05-12 15:04:53,303 INFO o.a.j.r.d.ReportGenerator: Flushing result collector before report Generation
2018-05-12 15:04:53,320 INFO o.a.j.r.p.NormalizerSampleConsumer: Using format, 'ms', to parse timeStamp field
2018-05-12 15:04:53,477 INFO o.a.j.r.p.AbstractSampleConsumer: class org.apache.jmeter.report.processor.AggregateConsumer#stopProducing(): beginDate produced 0 samples
2018-05-12 15:04:53,477 INFO o.a.j.r.p.AbstractSampleConsumer: class org.apache.jmeter.report.processor.AggregateConsumer#stopProducing(): endDate produced 0 samples
2018-05-12 15:04:53,479 INFO o.a.j.r.p.AbstractSampleConsumer: class org.apache.jmeter.report.processor.ApdexSummaryConsumer#stopProducing(): apdexSummary produced 0 samples
2018-05-12 15:04:53,479 INFO o.a.j.r.p.AbstractSampleConsumer: class org.apache.jmeter.report.processor.RequestsSummaryConsumer#stopProducing(): requestsSummary produced 0 samples
2018-05-12 15:04:53,482 INFO o.a.j.r.p.AbstractSampleConsumer: class org.apache.jmeter.report.processor.StatisticsSummaryConsumer#stopProducing(): statisticsSummary produced 0 samples
2018-05-12 15:04:53,487 INFO o.a.j.r.p.AbstractSampleConsumer: class org.apache.jmeter.report.processor.Top5ErrorsBySamplerConsumer#stopProducing(): top5ErrorsBySampler produced 0 samples
2018-05-12 15:04:53,487 INFO o.a.j.r.p.AbstractSampleConsumer: class org.apache.jmeter.report.processor.ErrorsSummaryConsumer#stopProducing(): errorsSummary produced 0 samples
2018-05-12 15:04:53,487 INFO o.a.j.r.p.AbstractSampleConsumer: class org.apache.jmeter.report.processor.graph.impl.HitsPerSecondGraphConsumer#stopProducing(): hitsPerSecond produced 0 samples
2018-05-12 15:04:53,498 INFO o.a.j.r.p.AbstractSampleConsumer: class org.apache.jmeter.report.processor.graph.impl.LatencyVSRequestGraphConsumer#stopProducing(): latencyVsRequest produced 0 samples
2018-05-12 15:04:53,498 INFO o.a.j.r.p.AbstractSampleConsumer: class org.apache.jmeter.report.processor.graph.impl.SyntheticResponseTimeDistributionGraphConsumer#stopProducing(): syntheticResponseTimeDistribution produced 0 samples
2018-05-12 15:04:53,499 INFO o.a.j.r.p.AbstractSampleConsumer: class org.apache.jmeter.report.processor.graph.impl.BytesThroughputGraphConsumer#stopProducing(): bytesThroughputOverTime produced 0 samples
2018-05-12 15:04:53,499 INFO o.a.j.r.p.AbstractSampleConsumer: class org.apache.jmeter.report.processor.graph.impl.CodesPerSecondGraphConsumer#stopProducing(): codesPerSecond produced 0 samples
2018-05-12 15:04:53,502 INFO o.a.j.r.p.AbstractSampleConsumer: class org.apache.jmeter.report.processor.graph.impl.ResponseTimeVSRequestGraphConsumer#stopProducing(): responseTimeVsRequest produced 0 samples
2018-05-12 15:04:53,502 INFO o.a.j.r.p.AbstractSampleConsumer: class org.apache.jmeter.report.processor.FilterConsumer#stopProducing(): startIntervalControlerFilter produced 7 samples
2018-05-12 15:04:53,502 INFO o.a.j.r.p.AbstractSampleConsumer: class org.apache.jmeter.report.processor.graph.impl.ActiveThreadsGraphConsumer#stopProducing(): activeThreadsOverTime produced 0 samples
2018-05-12 15:04:53,502 INFO o.a.j.r.p.AbstractSampleConsumer: class org.apache.jmeter.report.processor.graph.impl.TimeVSThreadGraphConsumer#stopProducing(): timeVsThreads produced 0 samples
2018-05-12 15:04:53,503 INFO o.a.j.r.p.AbstractSampleConsumer: class org.apache.jmeter.report.processor.graph.impl.ResponseTimeDistributionGraphConsumer#stopProducing(): responseTimeDistribution produced 0 samples
2018-05-12 15:04:53,503 INFO o.a.j.r.p.AbstractSampleConsumer: class org.apache.jmeter.report.processor.graph.impl.TransactionsPerSecondGraphConsumer#stopProducing(): transactionsPerSecond produced 0 samples
2018-05-12 15:04:53,503 INFO o.a.j.r.p.AbstractSampleConsumer: class org.apache.jmeter.report.processor.graph.impl.ResponseTimePercentilesGraphConsumer#stopProducing(): responseTimePercentiles produced 0 samples
2018-05-12 15:04:53,505 INFO o.a.j.r.p.AbstractSampleConsumer: class org.apache.jmeter.report.processor.graph.impl.ResponseTimePercentilesOverTimeGraphConsumer#stopProducing(): responseTimePercentilesOverTime produced 0 samples
2018-05-12 15:04:53,505 INFO o.a.j.r.p.AbstractSampleConsumer: class org.apache.jmeter.report.processor.graph.impl.ResponseTimeOverTimeGraphConsumer#stopProducing(): responseTimesOverTime produced 0 samples
2018-05-12 15:04:53,505 INFO o.a.j.r.p.AbstractSampleConsumer: class org.apache.jmeter.report.processor.graph.impl.ConnectTimeOverTimeGraphConsumer#stopProducing(): connectTimeOverTime produced 0 samples
2018-05-12 15:04:53,505 INFO o.a.j.r.p.AbstractSampleConsumer: class org.apache.jmeter.report.processor.graph.impl.LatencyOverTimeGraphConsumer#stopProducing(): latenciesOverTime produced 0 samples
2018-05-12 15:04:53,505 INFO o.a.j.r.p.AbstractSampleConsumer: class org.apache.jmeter.report.processor.FilterConsumer#stopProducing(): nameFilter produced 84 samples
2018-05-12 15:04:53,505 INFO o.a.j.r.p.AbstractSampleConsumer: class org.apache.jmeter.report.processor.FilterConsumer#stopProducing(): dateRangeFilter produced 18 samples
2018-05-12 15:04:53,505 INFO o.a.j.r.p.AbstractSampleConsumer: class org.apache.jmeter.report.processor.NormalizerSampleConsumer#stopProducing(): normalizer produced 6 samples
2018-05-12 15:04:53,506 INFO o.a.j.r.p.CsvFileSampleSource: produce(): 6 samples produced in 163ms on channel 0
2018-05-12 15:04:53,506 INFO o.a.j.r.d.ReportGenerator: Exporting data using exporter:'html' of className:'org.apache.jmeter.report.dashboard.HtmlTemplateExporter'
2018-05-12 15:04:53,508 INFO o.a.j.r.d.HtmlTemplateExporter: Will generate dashboard in folder: E:\devchallenge.it-qa-1\apache-jmeter-4.0\..\results\Html
2018-05-12 15:04:53,589 INFO o.a.j.r.d.HtmlTemplateExporter: Report will be generated in: E:\devchallenge.it-qa-1\apache-jmeter-4.0\..\results\Html, creating folder structure
2018-05-12 15:04:54,035 INFO o.a.j.JMeter: Dashboard generated
